proguard/seeds.txt
kr.go.KNPA.Romeo.Base.Message
kr.go.KNPA.Romeo.BaseActivity: BaseActivity(int)
kr.go.KNPA.Romeo.Chat.Chat
kr.go.KNPA.Romeo.Chat.ChatListView
kr.go.KNPA.Romeo.Chat.ChatListView: ChatListView(android.content.Context,android.util.AttributeSet)
kr.go.KNPA.Romeo.Chat.ChatListView: ChatListView(android.content.Context,android.util.AttributeSet,int)
kr.go.KNPA.Romeo.Chat.ChatListView: kr.go.KNPA.Romeo.Chat.Room getRoom()
kr.go.KNPA.Romeo.Chat.ChatListView: int getNumberOfItems()
kr.go.KNPA.Romeo.Chat.RoomListView
kr.go.KNPA.Romeo.Chat.RoomListView: RoomListView(android.content.Context)
kr.go.KNPA.Romeo.Chat.RoomListView: RoomListView(android.content.Context,android.util.AttributeSet)
kr.go.KNPA.Romeo.Chat.RoomListView: RoomListView(android.content.Context,android.util.AttributeSet,int)
kr.go.KNPA.Romeo.Chat.RoomSettingActivity
kr.go.KNPA.Romeo.Chat.RoomSettingActivity: RoomSettingActivity()
kr.go.KNPA.Romeo.Document.Document
kr.go.KNPA.Romeo.Document.DocumentListView
kr.go.KNPA.Romeo.Document.DocumentListView: DocumentListView(android.content.Context)
kr.go.KNPA.Romeo.Document.DocumentListView: DocumentListView(android.content.Context,android.util.AttributeSet)
kr.go.KNPA.Romeo.Document.DocumentListView: DocumentListView(android.content.Context,android.util.AttributeSet,int)
kr.go.KNPA.Romeo.GCMIntentService
kr.go.KNPA.Romeo.GCMIntentService: GCMIntentService()
kr.go.KNPA.Romeo.GCMIntentService: GCMIntentService(java.lang.String[])
kr.go.KNPA.Romeo.IntroActivity
kr.go.KNPA.Romeo.IntroActivity: IntroActivity()
kr.go.KNPA.Romeo.MainActivity
kr.go.KNPA.Romeo.MainActivity: MainActivity()
kr.go.KNPA.Romeo.Member.Department
kr.go.KNPA.Romeo.Member.Department: android.os.Parcelable$Creator CREATOR
kr.go.KNPA.Romeo.Member.MemberDetailActivity
kr.go.KNPA.Romeo.Member.MemberDetailActivity: MemberDetailActivity()
kr.go.KNPA.Romeo.Member.MemberFavoriteListView
kr.go.KNPA.Romeo.Member.MemberFavoriteListView: MemberFavoriteListView(android.content.Context)
kr.go.KNPA.Romeo.Member.MemberFavoriteListView: MemberFavoriteListView(android.content.Context,android.util.AttributeSet)
kr.go.KNPA.Romeo.Member.MemberFavoriteListView: MemberFavoriteListView(android.content.Context,android.util.AttributeSet,int)
kr.go.KNPA.Romeo.Member.MemberListView
kr.go.KNPA.Romeo.Member.MemberListView: MemberListView(android.content.Context)
kr.go.KNPA.Romeo.Member.MemberListView: MemberListView(android.content.Context,android.util.AttributeSet)
kr.go.KNPA.Romeo.Member.MemberListView: MemberListView(android.content.Context,android.util.AttributeSet,int)
kr.go.KNPA.Romeo.Member.MemberSearch
kr.go.KNPA.Romeo.Member.MemberSearch: MemberSearch()
kr.go.KNPA.Romeo.Member.User
kr.go.KNPA.Romeo.Member.User: android.os.Parcelable$Creator CREATOR
kr.go.KNPA.Romeo.Member.UserListActivity
kr.go.KNPA.Romeo.Member.UserListActivity: UserListActivity()
kr.go.KNPA.Romeo.PasswordActivity
kr.go.KNPA.Romeo.PasswordActivity: PasswordActivity()
kr.go.KNPA.Romeo.R$anim: int slide_in_right
kr.go.KNPA.Romeo.R$anim: int slide_out_right
kr.go.KNPA.Romeo.R$anim: int stay
kr.go.KNPA.Romeo.R$anim: int waiter_anim
kr.go.KNPA.Romeo.R$array: int color_names
kr.go.KNPA.Romeo.R$attr: int behindOffset
kr.go.KNPA.Romeo.R$attr: int behindScrollScale
kr.go.KNPA.Romeo.R$attr: int behindWidth
kr.go.KNPA.Romeo.R$attr: int duration
kr.go.KNPA.Romeo.R$attr: int fadeDegree
kr.go.KNPA.Romeo.R$attr: int fadeEnabled
kr.go.KNPA.Romeo.R$attr: int fps
kr.go.KNPA.Romeo.R$attr: int mode
kr.go.KNPA.Romeo.R$attr: int selectorDrawable
kr.go.KNPA.Romeo.R$attr: int selectorEnabled
kr.go.KNPA.Romeo.R$attr: int shadowDrawable
kr.go.KNPA.Romeo.R$attr: int shadowWidth
kr.go.KNPA.Romeo.R$attr: int src
kr.go.KNPA.Romeo.R$attr: int touchModeAbove
kr.go.KNPA.Romeo.R$attr: int touchModeBehind
kr.go.KNPA.Romeo.R$attr: int viewAbove
kr.go.KNPA.Romeo.R$attr: int viewBehind
...
android.support.v4.app.BackStackState
android.support.v4.app.BackStackState: android.os.Parcelable$Creator CREATOR
android.support.v4.app.Fragment: Fragment()
android.support.v4.app.Fragment$SavedState
android.support.v4.app.Fragment$SavedState: android.os.Parcelable$Creator CREATOR
android.support.v4.app.FragmentActivity: FragmentActivity()
android.support.v4.app.FragmentManagerState
android.support.v4.app.FragmentManagerState: android.os.Parcelable$Creator CREATOR
android.support.v4.app.FragmentState
android.support.v4.app.FragmentState: android.os.Parcelable$Creator CREATOR
android.support.v4.app.FragmentTabHost: void setOnTabChangedListener(android.widget.TabHost$OnTabChangeListener)
android.support.v4.app.FragmentTabHost$SavedState
android.support.v4.app.FragmentTabHost$SavedState: android.os.Parcelable$Creator CREATOR
android.support.v4.content.ModernAsyncTask$Status: android.support.v4.content.ModernAsyncTask$Status[] values()
android.support.v4.content.ModernAsyncTask$Status: android.support.v4.content.ModernAsyncTask$Status valueOf(java.lang.String)
android.support.v4.view.PagerTabStrip: void setTabIndicatorColor(int)
android.support.v4.view.PagerTabStrip: void setTabIndicatorColorResource(int)
android.support.v4.view.PagerTabStrip: int getTabIndicatorColor()
android.support.v4.view.PagerTabStrip: void setTextSpacing(int)
android.support.v4.view.PagerTabStrip: void setBackgroundDrawable(android.graphics.drawable.Drawable)
android.support.v4.view.PagerTabStrip: void setBackgroundColor(int)
android.support.v4.view.PagerTabStrip: void setBackgroundResource(int)
android.support.v4.view.PagerTabStrip: void setDrawFullUnderline(boolean)
android.support.v4.view.PagerTabStrip: boolean getDrawFullUnderline()
android.support.v4.view.PagerTabStrip: int getMinHeight()
android.support.v4.view.PagerTitleStrip: void setSingleLineAllCaps(android.widget.TextView)
android.support.v4.view.PagerTitleStrip: void setTextSpacing(int)
android.support.v4.view.PagerTitleStrip: int getTextSpacing()
android.support.v4.view.PagerTitleStrip: void setNonPrimaryAlpha(float)
android.support.v4.view.PagerTitleStrip: void setTextColor(int)
android.support.v4.view.PagerTitleStrip: void setGravity(int)
android.support.v4.view.PagerTitleStrip: int getMinHeight()
android.support.v4.view.ViewPager
android.support.v4.view.ViewPager: ViewPager(android.content.Context)
android.support.v4.view.ViewPager: ViewPager(android.content.Context,android.util.AttributeSet)
android.support.v4.view.ViewPager: void setScrollState(int)
android.support.v4.view.ViewPager: void setAdapter(android.support.v4.view.PagerAdapter)
android.support.v4.view.ViewPager: android.support.v4.view.PagerAdapter getAdapter()
android.support.v4.view.ViewPager: void setOnAdapterChangeListener(android.support.v4.view.ViewPager$OnAdapterChangeListener)
android.support.v4.view.ViewPager: void setCurrentItem(int)
android.support.v4.view.ViewPager: int getCurrentItem()
android.support.v4.view.ViewPager: void setOnPageChangeListener(android.support.v4.view.ViewPager$OnPageChangeListener)
android.support.v4.view.ViewPager: void setChildrenDrawingOrderEnabledCompat(boolean)
android.support.v4.view.ViewPager: int getOffscreenPageLimit()
android.support.v4.view.ViewPager: void setOffscreenPageLimit(int)
android.support.v4.view.ViewPager: void setPageMargin(int)
android.support.v4.view.ViewPager: int getPageMargin()
android.support.v4.view.ViewPager: void setPageMarginDrawable(android.graphics.drawable.Drawable)
android.support.v4.view.ViewPager: void setPageMarginDrawable(int)
android.support.v4.view.ViewPager: void setScrollingCacheEnabled(boolean)
android.support.v4.view.ViewPager$SavedState
android.support.v4.view.ViewPager$SavedState: android.os.Parcelable$Creator CREATOR