proguard/mapping.txt
kr.go.KNPA.Romeo.Base.Message -> kr.go.KNPA.Romeo.Base.Message:
    java.lang.String idx -> a
    int type -> b
    java.lang.String title -> c
    java.lang.String content -> d
    java.lang.String senderIdx -> e
    java.util.ArrayList receiversIdx -> f
    long TS -> g
    boolean checked -> h
    long checkTS -> i
    boolean received -> j
    java.lang.Object clone(kr.go.KNPA.Romeo.Base.Message) -> a
    kr.go.KNPA.Romeo.Base.Message parseMessage(java.lang.String) -> a
    int type() -> a
    int mainType() -> b
    int subType() -> c
    int makeType(int,int) -> a
    void send(android.content.Context) -> a
    void afterSend(android.content.Context,boolean) -> a
    int describeContents() -> describeContents
    void writeToParcel(android.os.Parcel,int) -> writeToParcel
    java.util.ArrayList getUncheckersIdxsWithMessageTypeAndIndex(int,java.lang.String) -> a
    void setChecked(android.content.Context,java.util.ArrayList) -> a
    void setChecked(android.content.Context) -> b
    void setCheckedOnLocal(android.content.Context,kr.go.KNPA.Romeo.Base.Message) -> b
    void setCheckedOnServer(android.content.Context,kr.go.KNPA.Romeo.Base.Message) -> c
    void access$0(android.content.Context,kr.go.KNPA.Romeo.Base.Message) -> a
kr.go.KNPA.Romeo.Base.Message$1 -> kr.go.KNPA.Romeo.Base.a:
    android.content.Context val$context -> a
    kr.go.KNPA.Romeo.Base.Message val$message -> b
    void onPostExecute(kr.go.KNPA.Romeo.Connection.Payload) -> a
    void onPostExecute(java.lang.Object) -> a
kr.go.KNPA.Romeo.BaseActivity -> kr.go.KNPA.Romeo.a:
    int mTitleRes -> o
    android.support.v4.app.ListFragment mFrag -> n
    void onCreate(android.os.Bundle) -> onCreate
kr.go.KNPA.Romeo.Chat.Chat -> kr.go.KNPA.Romeo.Chat.Chat:
    java.lang.String roomCode -> k
    int contentType -> l
    java.lang.String KEY_ROOMCODE -> m
    kr.go.KNPA.Romeo.Chat.Chat clone() -> d
    java.lang.Object clone() -> clone
kr.go.KNPA.Romeo.Chat.ChatFragment -> kr.go.KNPA.Romeo.Chat.a:
    java.lang.String TAG -> P
    android.os.Handler mHandler -> Q
    kr.go.KNPA.Romeo.Chat.ChatFragment _commandFragment -> T
    kr.go.KNPA.Romeo.Chat.ChatFragment _meetingFragment -> U
    kr.go.KNPA.Romeo.Chat.RoomFragment _currentRoom -> V
    kr.go.KNPA.Romeo.Chat.ChatFragment chatFragment(int) -> b
    kr.go.KNPA.Romeo.Chat.RoomFragment getCurrentRoom() -> x
    void setCurrentRoom(kr.go.KNPA.Romeo.Chat.RoomFragment) -> a
    void unsetCurrentRoom() -> y
    kr.go.KNPA.Romeo.Chat.RoomListView getListView() -> z
    void onDestroy() -> k
    android.view.View init(android.view.LayoutInflater,android.view.ViewGroup,android.os.Bundle) -> c
    void receive(kr.go.KNPA.Romeo.Chat.Chat) -> a
    void onActivityResult(int,int,android.content.Intent) -> a
    kr.go.KNPA.Romeo.RomeoListView getListView() -> A
    android.os.Handler access$1(kr.go.KNPA.Romeo.Chat.ChatFragment) -> a
kr.go.KNPA.Romeo.Chat.ChatFragment$1 -> kr.go.KNPA.Romeo.Chat.b:
    kr.go.KNPA.Romeo.Chat.ChatFragment this$0 -> a
    void onClick(android.view.View) -> onClick
kr.go.KNPA.Romeo.Chat.ChatFragment$2 -> kr.go.KNPA.Romeo.Chat.c:
    kr.go.KNPA.Romeo.Chat.ChatFragment this$0 -> a
    void onClick(android.view.View) -> onClick
kr.go.KNPA.Romeo.Chat.ChatFragment$3 -> kr.go.KNPA.Romeo.Chat.d:
    kr.go.KNPA.Romeo.Chat.RoomListView val$lv -> a
    void run() -> run
kr.go.KNPA.Romeo.Chat.ChatFragment$4 -> kr.go.KNPA.Romeo.Chat.e:
    kr.go.KNPA.Romeo.Chat.ChatFragment this$0 -> a
    java.util.ArrayList val$receiversIdxs -> b
    void run() -> run
kr.go.KNPA.Romeo.Chat.ChatFragment$ChatFragmentHandler -> kr.go.KNPA.Romeo.Chat.f:
    void handleMessage(android.os.Message) -> handleMessage
...
android.support.v4.view.AccessibilityDelegateCompat -> android.support.v4.view.a:
    android.support.v4.view.AccessibilityDelegateCompat$AccessibilityDelegateImpl IMPL -> b
    java.lang.Object DEFAULT_DELEGATE -> c
    java.lang.Object mBridge -> a
    java.lang.Object getBridge() -> a
    void sendAccessibilityEvent(android.view.View,int) -> a
    void sendAccessibilityEventUnchecked(android.view.View,android.view.accessibility.AccessibilityEvent) -> a
    boolean dispatchPopulateAccessibilityEvent(android.view.View,android.view.accessibility.AccessibilityEvent) -> b
    void onPopulateAccessibilityEvent(android.view.View,android.view.accessibility.AccessibilityEvent) -> c
    void onInitializeAccessibilityEvent(android.view.View,android.view.accessibility.AccessibilityEvent) -> d
    void onInitializeAccessibilityNodeInfo(android.view.View,android.support.v4.view.accessibility.AccessibilityNodeInfoCompat) -> a
    boolean onRequestSendAccessibilityEvent(android.view.ViewGroup,android.view.View,android.view.accessibility.AccessibilityEvent) -> a
    android.support.v4.view.accessibility.AccessibilityNodeProviderCompat getAccessibilityNodeProvider(android.view.View) -> a
    boolean performAccessibilityAction(android.view.View,int,android.os.Bundle) -> a
android.support.v4.view.AccessibilityDelegateCompat$AccessibilityDelegateIcsImpl -> android.support.v4.view.b:
    java.lang.Object newAccessiblityDelegateDefaultImpl() -> a
    java.lang.Object newAccessiblityDelegateBridge(android.support.v4.view.AccessibilityDelegateCompat) -> a
    boolean dispatchPopulateAccessibilityEvent(java.lang.Object,android.view.View,android.view.accessibility.AccessibilityEvent) -> a
    void onInitializeAccessibilityEvent(java.lang.Object,android.view.View,android.view.accessibility.AccessibilityEvent) -> b
    void onInitializeAccessibilityNodeInfo(java.lang.Object,android.view.View,android.support.v4.view.accessibility.AccessibilityNodeInfoCompat) -> a
    void onPopulateAccessibilityEvent(java.lang.Object,android.view.View,android.view.accessibility.AccessibilityEvent) -> c
    boolean onRequestSendAccessibilityEvent(java.lang.Object,android.view.ViewGroup,android.view.View,android.view.accessibility.AccessibilityEvent) -> a
    void sendAccessibilityEvent(java.lang.Object,android.view.View,int) -> a
    void sendAccessibilityEventUnchecked(java.lang.Object,android.view.View,android.view.accessibility.AccessibilityEvent) -> d
android.support.v4.view.AccessibilityDelegateCompat$AccessibilityDelegateIcsImpl$1 -> android.support.v4.view.c:
    android.support.v4.view.AccessibilityDelegateCompat val$compat -> a
    android.support.v4.view.AccessibilityDelegateCompat$AccessibilityDelegateIcsImpl this$0 -> b
    boolean dispatchPopulateAccessibilityEvent(android.view.View,android.view.accessibility.AccessibilityEvent) -> a
    void onInitializeAccessibilityEvent(android.view.View,android.view.accessibility.AccessibilityEvent) -> b
    void onInitializeAccessibilityNodeInfo(android.view.View,java.lang.Object) -> a
    void onPopulateAccessibilityEvent(android.view.View,android.view.accessibility.AccessibilityEvent) -> c
    boolean onRequestSendAccessibilityEvent(android.view.ViewGroup,android.view.View,android.view.accessibility.AccessibilityEvent) -> a
    void sendAccessibilityEvent(android.view.View,int) -> a
    void sendAccessibilityEventUnchecked(android.view.View,android.view.accessibility.AccessibilityEvent) -> d