proguard/usage.txt
kr.go.KNPA.Romeo.Base.Message:
    public static final int NOT_SPECIFIED
    public static final int MESSAGE_TYPE_DIVIDER
    public static final int MESSAGE_TYPE_CHAT
    public static final int MESSAGE_TYPE_DOCUMENT
    public static final int MESSAGE_TYPE_SURVEY
    public static final java.lang.String MESSAGE_KEY_CHAT
    public static final java.lang.String MESSAGE_KEY_MEETING
    public static final java.lang.String MESSAGE_KEY_COMMAND
    public static final java.lang.String MESSAGE_KEY_DOCUMENT
    public static final java.lang.String MESSAGE_KEY_SURVEY
    140:140:public static int mainType(int)
    141:141:public static int subType(int)
    144:159:public Message(android.database.Cursor)
    213:224:public void readFromParcel(android.os.Parcel)
    232:232:public static java.util.ArrayList getUncheckersIdxsWithMessage(kr.go.KNPA.Romeo.Base.Message)
    236:237:public static java.util.ArrayList getUncheckersWithMessageTypeAndIndex(int,java.lang.String)
    241:242:public static java.util.ArrayList getUncheckersInUsersWithMessage(kr.go.KNPA.Romeo.Base.Message)
kr.go.KNPA.Romeo.BaseActivity$BasePagerAdapter
kr.go.KNPA.Romeo.BuildConfig
kr.go.KNPA.Romeo.Chat.Chat:
    public static final int TYPE_MEETING
    public static final int TYPE_COMMAND
    public static final int CONTENT_TYPE_TEXT
    public static final int CONTENT_TYPE_PICTURE
    public static final int CONTENT_TYPE_USER_LEAVE
    public static final int CONTENT_TYPE_USER_JOIN
    public static final int STATE_SUCCESS
    public static final int STATE_FAIL
    public static final int STATE_SENDING
kr.go.KNPA.Romeo.Chat.ChatFragment$ChatFragmentHandler:
    public static final int ENTER_ROOM
kr.go.KNPA.Romeo.Chat.ChatListAdapter:
    58:58:public kr.go.KNPA.Romeo.Chat.Room getRoom()
kr.go.KNPA.Romeo.Chat.ChatListView:
    46:47:public void decreaseNumberOfItemsBy(int)
kr.go.KNPA.Romeo.Chat.Room:
    105:106:public void addChatter(java.lang.String)
    109:110:public void addChatters(java.util.ArrayList)
kr.go.KNPA.Romeo.Chat.RoomFragment:
    public static final int ACTION_LEAVE_ROOM
    public static final int ACTION_JOIN_ROOM
    public static final int ACTION_SET_TITLE
    private static final int PICK_FROM_CAMERA
    private static final int PICK_FROM_ALBUM
    private static final int ROOM_ACTION
kr.go.KNPA.Romeo.Chat.RoomFragment$RoomHandler:
    public static final int REFRESH
    public static final int SENDING_SUCCEED
    public static final int SENDING_FAILED
kr.go.KNPA.Romeo.Chat.RoomListAdapter:
    25:25:public RoomListAdapter(android.content.Context,android.database.Cursor,boolean)
    27:27:public RoomListAdapter(android.content.Context,android.database.Cursor,int)
kr.go.KNPA.Romeo.Chat.RoomListView$RoomListHandler:
    private static final int ENTER_ROOM
    private static final int SHOW_WAITER_DIALOG
    private static final int DISMISS_WAITER_DIALOG
    private static final int REFRESH
kr.go.KNPA.Romeo.Chat.RoomSettingActivity:
    public static final int REQUEST_CODE
    public static final java.lang.String KEY_ACTION
    android.widget.ListView listView
kr.go.KNPA.Romeo.Config.ConnectionConfig:
    public static final java.lang.String SERVER_HOST
    public static final java.lang.String HTTP_TYPE_GET
    public static final java.lang.String HTTP_TYPE_POST
    public static final java.lang.String CHARSET_REQUEST_ENCODING
    public static final java.lang.String CHARSET_RESPONSE_ENCODING
    13:13:public ConnectionConfig()
kr.go.KNPA.Romeo.Config.ConnectionConfig$UploadPath:
    21:21:public ConnectionConfig$UploadPath()
kr.go.KNPA.Romeo.Config.Constants:
    public static final int NOT_SPECIFIED
    public static final java.lang.String MIME_BOUNDARY
    public static final java.lang.String TAG
    public static final int MAX_BUFFER_SIZE
    8:8:public Constants()
...
android.support.v4.net.ConnectivityManagerCompat$BaseConnectivityManagerCompatImpl
android.support.v4.net.ConnectivityManagerCompat$ConnectivityManagerCompatImpl
android.support.v4.net.ConnectivityManagerCompat$GingerbreadConnectivityManagerCompatImpl
android.support.v4.net.ConnectivityManagerCompat$HoneycombMR2ConnectivityManagerCompatImpl
android.support.v4.net.ConnectivityManagerCompat$JellyBeanConnectivityManagerCompatImpl
android.support.v4.net.ConnectivityManagerCompatGingerbread
android.support.v4.net.ConnectivityManagerCompatHoneycombMR2
android.support.v4.net.ConnectivityManagerCompatJellyBean
android.support.v4.net.TrafficStatsCompat
android.support.v4.net.TrafficStatsCompat$1
android.support.v4.net.TrafficStatsCompat$BaseTrafficStatsCompatImpl
android.support.v4.net.TrafficStatsCompat$BaseTrafficStatsCompatImpl$1
android.support.v4.net.TrafficStatsCompat$BaseTrafficStatsCompatImpl$SocketTags
android.support.v4.net.TrafficStatsCompat$IcsTrafficStatsCompatImpl
android.support.v4.net.TrafficStatsCompat$TrafficStatsCompatImpl
android.support.v4.net.TrafficStatsCompatIcs
android.support.v4.os.ParcelableCompat:
    26:42:public ParcelableCompat()
android.support.v4.os.ParcelableCompatCreatorHoneycombMR2Stub:
    22:22:ParcelableCompatCreatorHoneycombMR2Stub()
android.support.v4.util.AtomicFile
android.support.v4.util.DebugUtils:
    25:25:public DebugUtils()
android.support.v4.util.LongSparseArray
android.support.v4.util.LruCache:
    177:193:public final java.lang.Object remove(java.lang.Object)
    255:256:public final void evictAll()
    264:264:public final synchronized int size()
    273:273:public final synchronized int maxSize()
    280:280:public final synchronized int hitCount()
    288:288:public final synchronized int missCount()
    295:295:public final synchronized int createCount()
    302:302:public final synchronized int putCount()
    309:309:public final synchronized int evictionCount()
    317:317:public final synchronized java.util.Map snapshot()
android.support.v4.util.SparseArrayCompat:
    52:52:public java.lang.Object get(int)
    60:65:public java.lang.Object get(int,java.lang.Object)
    73:81:public void delete(int)
    87:88:public void remove(int)
    94:98:public void removeAt(int)
    107:111:public void removeAtRange(int,int)
    146:190:public void put(int,java.lang.Object)
    236:241:public void setValueAt(int,java.lang.Object)
    249:253:public int indexOfKey(int)
    265:273:public int indexOfValue(java.lang.Object)
    296:323:public void append(int,java.lang.Object)
    326:342:private static int binarySearch(int[],int,int,int)
android.support.v4.util.TimeUtils
android.support.v4.view.AccessibilityDelegateCompatIcs:
    28:30:AccessibilityDelegateCompatIcs()
android.support.v4.view.AccessibilityDelegateCompatJellyBean:
    30:32:AccessibilityDelegateCompatJellyBean()
android.support.v4.view.GestureDetectorCompat
android.support.v4.view.GestureDetectorCompat$GestureDetectorCompatImpl
android.support.v4.view.GestureDetectorCompat$GestureDetectorCompatImplBase
android.support.v4.view.GestureDetectorCompat$GestureDetectorCompatImplBase$GestureHandler
android.support.v4.view.GestureDetectorCompat$GestureDetectorCompatImplJellybeanMr1
android.support.v4.view.KeyEventCompat:
    25:95:public KeyEventCompat()
    127:127:public static int normalizeMetaState(int)
    131:131:public static boolean metaStateHasModifiers(int,int)
    135:135:public static boolean metaStateHasNoModifiers(int)
android.support.v4.view.KeyEventCompat$BaseKeyEventVersionImpl:
    private static final int META_MODIFIER_MASK
    private static final int META_ALL_MASK
android.support.v4.view.KeyEventCompat$HoneycombKeyEventVersionImpl:
    98:98:public int normalizeMetaState(int)
android.support.v4.view.KeyEventCompat$KeyEventVersionImpl:
    public abstract int normalizeMetaState(int)